-- Install configuration: ""
-- Up-to-date: /home/shb/chapt6/chapt6_ws/install/fishbot_description/share/fishbot_description/launch
-- Up-to-date: /home/shb/chapt6/chapt6_ws/install/fishbot_description/share/fishbot_description/launch/display_robot.launch.py
-- Up-to-date: /home/shb/chapt6/chapt6_ws/install/fishbot_description/share/fishbot_description/launch/__pycache__
-- Installing: /home/shb/chapt6/chapt6_ws/install/fishbot_description/share/fishbot_description/launch/__pycache__/display_robot.launch.cpython-312.pyc
-- Up-to-date: /home/shb/chapt6/chapt6_ws/install/fishbot_description/share/fishbot_description/urdf
-- Up-to-date: /home/shb/chapt6/chapt6_ws/install/fishbot_description/share/fishbot_description/urdf/first_robot.urdf
-- Up-to-date: /home/shb/chapt6/chapt6_ws/install/fishbot_description/share/fishbot_description/urdf/fishibot
-- Up-to-date: /home/shb/chapt6/chapt6_ws/install/fishbot_description/share/fishbot_description/urdf/fishibot/actuator
-- Installing: /home/shb/chapt6/chapt6_ws/install/fishbot_description/share/fishbot_description/urdf/fishibot/actuator/caster.urdf.xacro
-- Up-to-date: /home/shb/chapt6/chapt6_ws/install/fishbot_description/share/fishbot_description/urdf/fishibot/actuator/wheel.urdf.xacro
-- Up-to-date: /home/shb/chapt6/chapt6_ws/install/fishbot_description/share/fishbot_description/urdf/fishibot/sensor
-- Up-to-date: /home/shb/chapt6/chapt6_ws/install/fishbot_description/share/fishbot_description/urdf/fishibot/sensor/imu.urdf.xacro
-- Up-to-date: /home/shb/chapt6/chapt6_ws/install/fishbot_description/share/fishbot_description/urdf/fishibot/sensor/camera.urdf.xacro
-- Up-to-date: /home/shb/chapt6/chapt6_ws/install/fishbot_description/share/fishbot_description/urdf/fishibot/sensor/laser.urdf.xacro
-- Installing: /home/shb/chapt6/chapt6_ws/install/fishbot_description/share/fishbot_description/urdf/fishibot/base.urdf.xacro
-- Installing: /home/shb/chapt6/chapt6_ws/install/fishbot_description/share/fishbot_description/urdf/fishibot/common_inertia.xacro
-- Installing: /home/shb/chapt6/chapt6_ws/install/fishbot_description/share/fishbot_description/urdf/fishibot/fishibot.urdf.xacro
-- Up-to-date: /home/shb/chapt6/chapt6_ws/install/fishbot_description/share/fishbot_description/urdf/first_robot.pdf
-- Up-to-date: /home/shb/chapt6/chapt6_ws/install/fishbot_description/share/fishbot_description/urdf/first_robot.xacro
-- Up-to-date: /home/shb/chapt6/chapt6_ws/install/fishbot_description/share/fishbot_description/urdf/first_robot.gv
-- Up-to-date: /home/shb/chapt6/chapt6_ws/install/fishbot_description/share/fishbot_description/config
-- Up-to-date: /home/shb/chapt6/chapt6_ws/install/fishbot_description/share/fishbot_description/config/display_robot_model.rviz
-- Up-to-date: /home/shb/chapt6/chapt6_ws/install/fishbot_description/share/ament_index/resource_index/package_run_dependencies/fishbot_description
-- Up-to-date: /home/shb/chapt6/chapt6_ws/install/fishbot_description/share/ament_index/resource_index/parent_prefix_path/fishbot_description
-- Up-to-date: /home/shb/chapt6/chapt6_ws/install/fishbot_description/share/fishbot_description/environment/ament_prefix_path.sh
-- Up-to-date: /home/shb/chapt6/chapt6_ws/install/fishbot_description/share/fishbot_description/environment/ament_prefix_path.dsv
-- Up-to-date: /home/shb/chapt6/chapt6_ws/install/fishbot_description/share/fishbot_description/environment/path.sh
-- Up-to-date: /home/shb/chapt6/chapt6_ws/install/fishbot_description/share/fishbot_description/environment/path.dsv
-- Up-to-date: /home/shb/chapt6/chapt6_ws/install/fishbot_description/share/fishbot_description/local_setup.bash
-- Up-to-date: /home/shb/chapt6/chapt6_ws/install/fishbot_description/share/fishbot_description/local_setup.sh
-- Up-to-date: /home/shb/chapt6/chapt6_ws/install/fishbot_description/share/fishbot_description/local_setup.zsh
-- Up-to-date: /home/shb/chapt6/chapt6_ws/install/fishbot_description/share/fishbot_description/local_setup.dsv
-- Installing: /home/shb/chapt6/chapt6_ws/install/fishbot_description/share/fishbot_description/package.dsv
-- Up-to-date: /home/shb/chapt6/chapt6_ws/install/fishbot_description/share/ament_index/resource_index/packages/fishbot_description
-- Up-to-date: /home/shb/chapt6/chapt6_ws/install/fishbot_description/share/fishbot_description/cmake/fishbot_descriptionConfig.cmake
-- Up-to-date: /home/shb/chapt6/chapt6_ws/install/fishbot_description/share/fishbot_description/cmake/fishbot_descriptionConfig-version.cmake
-- Up-to-date: /home/shb/chapt6/chapt6_ws/install/fishbot_description/share/fishbot_description/package.xml
