[0.008s] Invoking command in '/home/shb/chapt6/chapt6_ws/build/fishbot_description': CMAKE_PREFIX_PATH=${CMAKE_PREFIX_PATH}:/opt/ros/jazzy DEBUGINFOD_URLS=https://debuginfod.ubuntu.com /usr/bin/cmake /home/shb/chapt6/chapt6_ws/src/fishbot_description -DCMAKE_INSTALL_PREFIX=/home/shb/chapt6/chapt6_ws/install/fishbot_description
[0.024s] -- Found ament_cmake: 2.5.4 (/opt/ros/jazzy/share/ament_cmake/cmake)
[0.137s] -- Found Python3: /usr/bin/python3 (found version "3.12.3") found components: Interpreter 
[0.203s] -- Found ament_lint_auto: 0.17.3 (/opt/ros/jazzy/share/ament_lint_auto/cmake)
[0.282s] -- Added test 'flake8' to check Python code syntax and style conventions
[0.282s] -- Configured 'flake8' exclude dirs and/or files: 
[0.282s] -- Added test 'lint_cmake' to check CMake code style
[0.283s] -- Added test 'pep257' to check Python code against some of the docstring style conventions in PEP 257
[0.284s] -- Added test 'xmllint' to check XML markup files
[0.285s] -- Configuring done (0.3s)
[0.287s] -- Generating done (0.0s)
[0.288s] -- Build files have been written to: /home/shb/chapt6/chapt6_ws/build/fishbot_description
[0.291s] Invoked command in '/home/shb/chapt6/chapt6_ws/build/fishbot_description' returned '0': CMAKE_PREFIX_PATH=${CMAKE_PREFIX_PATH}:/opt/ros/jazzy DEBUGINFOD_URLS=https://debuginfod.ubuntu.com /usr/bin/cmake /home/shb/chapt6/chapt6_ws/src/fishbot_description -DCMAKE_INSTALL_PREFIX=/home/shb/chapt6/chapt6_ws/install/fishbot_description
[0.292s] Invoking command in '/home/shb/chapt6/chapt6_ws/build/fishbot_description': CMAKE_PREFIX_PATH=${CMAKE_PREFIX_PATH}:/opt/ros/jazzy DEBUGINFOD_URLS=https://debuginfod.ubuntu.com /usr/bin/cmake --build /home/shb/chapt6/chapt6_ws/build/fishbot_description -- -j16 -l16
[0.328s] Invoked command in '/home/shb/chapt6/chapt6_ws/build/fishbot_description' returned '0': CMAKE_PREFIX_PATH=${CMAKE_PREFIX_PATH}:/opt/ros/jazzy DEBUGINFOD_URLS=https://debuginfod.ubuntu.com /usr/bin/cmake --build /home/shb/chapt6/chapt6_ws/build/fishbot_description -- -j16 -l16
[0.338s] Invoking command in '/home/shb/chapt6/chapt6_ws/build/fishbot_description': CMAKE_PREFIX_PATH=${CMAKE_PREFIX_PATH}:/opt/ros/jazzy DEBUGINFOD_URLS=https://debuginfod.ubuntu.com /usr/bin/cmake --install /home/shb/chapt6/chapt6_ws/build/fishbot_description
[0.343s] -- Install configuration: ""
[0.343s] -- Installing: /home/shb/chapt6/chapt6_ws/install/fishbot_description/share/fishbot_description/launch
[0.343s] -- Installing: /home/shb/chapt6/chapt6_ws/install/fishbot_description/share/fishbot_description/launch/display_robot.launch.py
[0.343s] -- Installing: /home/shb/chapt6/chapt6_ws/install/fishbot_description/share/fishbot_description/urdf
[0.343s] -- Installing: /home/shb/chapt6/chapt6_ws/install/fishbot_description/share/fishbot_description/urdf/first_robot.urdf
[0.343s] -- Installing: /home/shb/chapt6/chapt6_ws/install/fishbot_description/share/fishbot_description/urdf/first_robot.pdf
[0.343s] -- Installing: /home/shb/chapt6/chapt6_ws/install/fishbot_description/share/fishbot_description/urdf/first_robot.gv
[0.343s] -- Installing: /home/shb/chapt6/chapt6_ws/install/fishbot_description/share/ament_index/resource_index/package_run_dependencies/fishbot_description
[0.343s] -- Installing: /home/shb/chapt6/chapt6_ws/install/fishbot_description/share/ament_index/resource_index/parent_prefix_path/fishbot_description
[0.343s] -- Installing: /home/shb/chapt6/chapt6_ws/install/fishbot_description/share/fishbot_description/environment/ament_prefix_path.sh
[0.343s] -- Installing: /home/shb/chapt6/chapt6_ws/install/fishbot_description/share/fishbot_description/environment/ament_prefix_path.dsv
[0.343s] -- Installing: /home/shb/chapt6/chapt6_ws/install/fishbot_description/share/fishbot_description/environment/path.sh
[0.343s] -- Installing: /home/shb/chapt6/chapt6_ws/install/fishbot_description/share/fishbot_description/environment/path.dsv
[0.344s] -- Installing: /home/shb/chapt6/chapt6_ws/install/fishbot_description/share/fishbot_description/local_setup.bash
[0.344s] -- Installing: /home/shb/chapt6/chapt6_ws/install/fishbot_description/share/fishbot_description/local_setup.sh
[0.344s] -- Installing: /home/shb/chapt6/chapt6_ws/install/fishbot_description/share/fishbot_description/local_setup.zsh
[0.344s] -- Installing: /home/shb/chapt6/chapt6_ws/install/fishbot_description/share/fishbot_description/local_setup.dsv
[0.344s] -- Installing: /home/shb/chapt6/chapt6_ws/install/fishbot_description/share/fishbot_description/package.dsv
[0.344s] -- Installing: /home/shb/chapt6/chapt6_ws/install/fishbot_description/share/ament_index/resource_index/packages/fishbot_description
[0.344s] -- Installing: /home/shb/chapt6/chapt6_ws/install/fishbot_description/share/fishbot_description/cmake/fishbot_descriptionConfig.cmake
[0.344s] -- Installing: /home/shb/chapt6/chapt6_ws/install/fishbot_description/share/fishbot_description/cmake/fishbot_descriptionConfig-version.cmake
[0.344s] -- Installing: /home/shb/chapt6/chapt6_ws/install/fishbot_description/share/fishbot_description/package.xml
[0.345s] Invoked command in '/home/shb/chapt6/chapt6_ws/build/fishbot_description' returned '0': CMAKE_PREFIX_PATH=${CMAKE_PREFIX_PATH}:/opt/ros/jazzy DEBUGINFOD_URLS=https://debuginfod.ubuntu.com /usr/bin/cmake --install /home/shb/chapt6/chapt6_ws/build/fishbot_description
